[08:22:08] [main/INFO]: Setting user: Player407
[08:22:08] [Client thread/INFO]: LWJGL Version: 2.9.1
[08:22:12] [Client thread/INFO]: Reloading ResourceManager: Default, FMLFileResourcePack:Forge Mod Loader, FMLFileResourcePack:Minecraft Forge, FMLFileResourcePack:Bulk Mod
[08:22:13] [Sound Library Loader/INFO]: Sound engine started
[08:22:14] [Client thread/INFO]: Created: 16x16 textures/blocks-atlas
[08:22:14] [Client thread/INFO]: Created: 16x16 textures/items-atlas
[08:22:14] [Client thread/INFO]: Reloading ResourceManager: Default, FMLFileResourcePack:Forge Mod Loader, FMLFileResourcePack:Minecraft Forge, FMLFileResourcePack:Bulk Mod
[08:22:15] [Client thread/INFO]: Created: 512x256 textures/blocks-atlas
[08:22:15] [Client thread/INFO]: Created: 256x256 textures/items-atlas
[08:22:15] [Sound Library Loader/INFO]: Sound engine started
[08:22:19] [Server thread/INFO]: Starting integrated minecraft server version 1.7.10
[08:22:19] [Server thread/INFO]: Generating keypair
[08:22:19] [Server thread/INFO]: Preparing start region for level 0
[08:22:20] [Server thread/INFO]: Changing view distance to 7, from 10
[08:22:20] [Server thread/INFO]: Player407[local:E:a0444782] logged in with entity id 78 at (-118.33767223227304, 90.6042232828898, 146.91222236700688)
[08:22:20] [Server thread/INFO]: Player407 joined the game
[08:22:21] [Server thread/INFO]: Stopping server
[08:22:21] [Server thread/INFO]: Saving players
[08:22:21] [Server thread/INFO]: Saving worlds
[08:22:21] [Server thread/INFO]: Saving chunks for level 'New World'/Overworld
[08:22:21] [Server thread/INFO]: Saving chunks for level 'New World'/Nether
[08:22:21] [Server thread/INFO]: Saving chunks for level 'New World'/The End
[08:22:21] [Client thread/FATAL]: Unreported exception thrown!
java.lang.IncompatibleClassChangeError: Expecting non-static method com.chifou.bulkmod.proxys.ClientProxy.renderGameOverlayPre(Lnet/minecraftforge/client/event/RenderGameOverlayEvent$Pre;)V
	at cpw.mods.fml.common.eventhandler.ASMEventHandler_0_ClientProxy_renderGameOverlayPre_Pre.invoke(.dynamic) ~[?:?]
	at cpw.mods.fml.common.eventhandler.ASMEventHandler.invoke(ASMEventHandler.java:54) ~[ASMEventHandler.class:?]
	at cpw.mods.fml.common.eventhandler.EventBus.post(EventBus.java:140) ~[EventBus.class:?]
	at net.minecraftforge.client.GuiIngameForge.pre(GuiIngameForge.java:901) ~[GuiIngameForge.class:?]
	at net.minecraftforge.client.GuiIngameForge.renderGameOverlay(GuiIngameForge.java:105) ~[GuiIngameForge.class:?]
	at net.minecraft.client.renderer.EntityRenderer.updateCameraAndRender(EntityRenderer.java:1114) ~[EntityRenderer.class:?]
	at net.minecraft.client.Minecraft.runGameLoop(Minecraft.java:1067) ~[Minecraft.class:?]
	at net.minecraft.client.Minecraft.run(Minecraft.java:962) [Minecraft.class:?]
	at net.minecraft.client.main.Main.main(Main.java:164) [Main.class:?]
	at sun.reflect.NativeMethodAccessorImpl.invoke0(Native Method) ~[?:1.8.0_202]
	at sun.reflect.NativeMethodAccessorImpl.invoke(NativeMethodAccessorImpl.java:62) ~[?:1.8.0_202]
	at sun.reflect.DelegatingMethodAccessorImpl.invoke(DelegatingMethodAccessorImpl.java:43) ~[?:1.8.0_202]
	at java.lang.reflect.Method.invoke(Method.java:498) ~[?:1.8.0_202]
	at net.minecraft.launchwrapper.Launch.launch(Launch.java:135) [launchwrapper-1.12.jar:?]
	at net.minecraft.launchwrapper.Launch.main(Launch.java:28) [launchwrapper-1.12.jar:?]
	at net.minecraftforge.gradle.GradleStartCommon.launch(Unknown Source) [start/:?]
	at GradleStart.main(Unknown Source) [start/:?]
